<?xml version="1.0" encoding="UTF-8" ?>
<testsuite tests="0" failures="0" name="tw.dev.tomoaki.test.TestMain2" time="0" errors="0" skipped="0">
  <properties>
    <property name="java.runtime.name" value="OpenJDK Runtime Environment"/>
    <property name="sun.boot.library.path" value="C:\Java\OpenJDK8U-jdk_x64_windows_hotspot_8u322b06\jdk8u322-b06\jre\bin"/>
    <property name="java.vm.version" value="25.322-b06"/>
    <property name="java.vm.vendor" value="Temurin"/>
    <property name="maven.multiModuleProjectDirectory" value="C:\Users\arche\Documents\NetBeansProjects\AkiJavaUtils"/>
    <property name="java.vendor.url" value="https://adoptium.net/"/>
    <property name="path.separator" value=";"/>
    <property name="guice.disable.misplaced.annotation.check" value="true"/>
    <property name="java.vm.name" value="OpenJDK 64-Bit Server VM"/>
    <property name="file.encoding.pkg" value="sun.io"/>
    <property name="user.script" value=""/>
    <property name="user.country" value="TW"/>
    <property name="sun.java.launcher" value="SUN_STANDARD"/>
    <property name="sun.os.patch.level" value=""/>
    <property name="java.vm.specification.name" value="Java Virtual Machine Specification"/>
    <property name="user.dir" value="C:\Users\arche\Documents\NetBeansProjects\AkiJavaUtils"/>
    <property name="java.runtime.version" value="1.8.0_322-b06"/>
    <property name="java.awt.graphicsenv" value="sun.awt.Win32GraphicsEnvironment"/>
    <property name="java.endorsed.dirs" value="C:\Java\OpenJDK8U-jdk_x64_windows_hotspot_8u322b06\jdk8u322-b06\jre\lib\endorsed"/>
    <property name="os.arch" value="amd64"/>
    <property name="java.io.tmpdir" value="C:\Users\arche\AppData\Local\Temp\"/>
    <property name="line.separator" value="
"/>
    <property name="java.vm.specification.vendor" value="Oracle Corporation"/>
    <property name="user.variant" value=""/>
    <property name="os.name" value="Windows 10"/>
    <property name="maven.ext.class.path" value="C:\Software\netbeans-13-bin\netbeans\java\maven-nblib\netbeans-eventspy.jar"/>
    <property name="classworlds.conf" value="C:\Software\netbeans-13-bin\netbeans\java\maven\bin\m2.conf"/>
    <property name="sun.jnu.encoding" value="MS950"/>
    <property name="java.library.path" value="C:\Java\OpenJDK8U-jdk_x64_windows_hotspot_8u322b06\jdk8u322-b06\bin;C:\Windows\Sun\Java\bin;C:\Windows\system32;C:\Windows;C:\Windows\system32;C:\Windows;C:\Windows\System32\Wbem;C:\Windows\System32\WindowsPowerShell\v1.0\;C:\Windows\System32\OpenSSH\;C:\Program Files (x86)\NVIDIA Corporation\PhysX\Common;C:\Program Files\NVIDIA Corporation\NVIDIA NvDLISR;C:\Software\uncrustify-0.74.0_f-win64\bin;C:\Program Files\dotnet\;C:\Java\OpenJDK8U-jdk_x64_windows_hotspot_8u322b06\jdk8u322-b06\bin;C:\Program Files\nodejs\;C:\Software\cmder\vendor\git-for-windows\bin;C:\ProgramData\chocolatey\bin;C:\Software\TortoiseGit\bin;C:\Users\arche\AppData\Local\Programs\Python\Python311\Scripts\;C:\Users\arche\AppData\Local\Programs\Python\Python311\;C:\Users\arche\.cargo\bin;C:\Users\arche\AppData\Local\Microsoft\WindowsApps;C:\Users\arche\AppData\Local\atom\bin;C:\Software\Microsoft VS Code\bin;C:\Users\arche\.dotnet\tools;C:\Users\arche\AppData\Local\GitHubDesktop\bin;C:\Users\arche\AppData\Roaming\npm;C:\Program Files (x86)\Brackets\;."/>
    <property name="maven.conf" value="C:\Software\netbeans-13-bin\netbeans\java\maven/conf"/>
    <property name="java.specification.name" value="Java Platform API Specification"/>
    <property name="java.class.version" value="52.0"/>
    <property name="sun.management.compiler" value="HotSpot 64-Bit Tiered Compilers"/>
    <property name="os.version" value="10.0"/>
    <property name="library.jansi.path" value="C:\Software\netbeans-13-bin\netbeans\java\maven\lib\jansi-native"/>
    <property name="user.home" value="C:\Users\arche"/>
    <property name="user.timezone" value="GMT+08:00"/>
    <property name="java.awt.printerjob" value="sun.awt.windows.WPrinterJob"/>
    <property name="java.specification.version" value="1.8"/>
    <property name="file.encoding" value="MS950"/>
    <property name="user.name" value="arche"/>
    <property name="java.class.path" value="C:\Software\netbeans-13-bin\netbeans\java\maven\boot\plexus-classworlds-2.6.0.jar"/>
    <property name="java.vm.specification.version" value="1.8"/>
    <property name="sun.arch.data.model" value="64"/>
    <property name="java.home" value="C:\Java\OpenJDK8U-jdk_x64_windows_hotspot_8u322b06\jdk8u322-b06\jre"/>
    <property name="sun.java.command" value="org.codehaus.plexus.classworlds.launcher.Launcher -Dmaven.ext.class.path=C:\Software\netbeans-13-bin\netbeans\java\maven-nblib\netbeans-eventspy.jar install"/>
    <property name="java.specification.vendor" value="Oracle Corporation"/>
    <property name="user.language" value="zh"/>
    <property name="awt.toolkit" value="sun.awt.windows.WToolkit"/>
    <property name="java.vm.info" value="mixed mode"/>
    <property name="java.version" value="1.8.0_322"/>
    <property name="java.ext.dirs" value="C:\Java\OpenJDK8U-jdk_x64_windows_hotspot_8u322b06\jdk8u322-b06\jre\lib\ext;C:\Windows\Sun\Java\lib\ext"/>
    <property name="sun.boot.class.path" value="C:\Java\OpenJDK8U-jdk_x64_windows_hotspot_8u322b06\jdk8u322-b06\jre\lib\resources.jar;C:\Java\OpenJDK8U-jdk_x64_windows_hotspot_8u322b06\jdk8u322-b06\jre\lib\rt.jar;C:\Java\OpenJDK8U-jdk_x64_windows_hotspot_8u322b06\jdk8u322-b06\jre\lib\sunrsasign.jar;C:\Java\OpenJDK8U-jdk_x64_windows_hotspot_8u322b06\jdk8u322-b06\jre\lib\jsse.jar;C:\Java\OpenJDK8U-jdk_x64_windows_hotspot_8u322b06\jdk8u322-b06\jre\lib\jce.jar;C:\Java\OpenJDK8U-jdk_x64_windows_hotspot_8u322b06\jdk8u322-b06\jre\lib\charsets.jar;C:\Java\OpenJDK8U-jdk_x64_windows_hotspot_8u322b06\jdk8u322-b06\jre\lib\jfr.jar;C:\Java\OpenJDK8U-jdk_x64_windows_hotspot_8u322b06\jdk8u322-b06\jre\classes"/>
    <property name="java.vendor" value="Temurin"/>
    <property name="maven.home" value="C:\Software\netbeans-13-bin\netbeans\java\maven"/>
    <property name="file.separator" value="\"/>
    <property name="java.vendor.url.bug" value="https://github.com/adoptium/adoptium-support/issues"/>
    <property name="sun.cpu.endian" value="little"/>
    <property name="sun.io.unicode.encoding" value="UnicodeLittle"/>
    <property name="sun.desktop" value="windows"/>
    <property name="sun.cpu.isalist" value="amd64"/>
  </properties>
</testsuite>